2025-03-22 02:27:02.226 [info] Reading sessions from keychain...
2025-03-22 02:27:02.226 [info] Getting sessions for all scopes...
2025-03-22 02:27:02.226 [info] Getting sessions for all scopes...
2025-03-22 02:27:02.226 [info] Getting sessions for all scopes...
2025-03-22 02:27:02.226 [info] Got 0 sessions for ...
2025-03-22 02:27:02.226 [info] Got 0 sessions for ...
2025-03-22 02:27:02.226 [info] Got 0 sessions for ...
2025-03-22 02:27:02.226 [info] Getting sessions for all scopes...
2025-03-22 02:27:02.226 [info] Got 0 sessions for ...
2025-03-22 02:27:02.226 [info] Getting sessions for all scopes...
2025-03-22 02:27:02.226 [info] Got 0 sessions for ...
2025-03-22 02:27:02.226 [info] Getting sessions for all scopes...
2025-03-22 02:27:02.226 [info] Got 0 sessions for ...
2025-03-22 02:27:02.226 [info] Getting sessions for all scopes...
2025-03-22 02:27:02.226 [info] Got 0 sessions for ...
2025-03-22 02:27:02.226 [info] Getting sessions for all scopes...
2025-03-22 02:27:02.226 [info] Got 0 sessions for ...
2025-03-22 02:27:10.167 [info] Logging in with 'any' account...
2025-03-22 02:27:10.169 [info] Logging in for the following scopes: user:email
2025-03-22 02:27:10.269 [info] Trying without local server... (user:email)
2025-03-22 02:27:34.619 [error] User Cancelled
2025-03-22 02:27:39.989 [info] Trying with local server... (user:email)
2025-03-22 02:27:57.766 [error] User Cancelled
2025-03-22 04:29:52.166 [info] Getting sessions for read:user,repo,user:email,workflow...
2025-03-22 04:29:52.194 [info] Got 0 sessions for read:user,repo,user:email,workflow...
