2025-03-22 02:27:01.240 [info] Extension host with pid 9324 started
2025-03-22 02:27:01.240 [info] Skipping acquiring lock for /home/raghav/Desktop/MetaShard/meta-cloner/~/.vscode-root/User/workspaceStorage/b0a00b298be955b182ca675bf4930520.
2025-03-22 02:27:01.290 [info] ExtensionService#_doActivateExtension vscode.github-authentication, startup: false, activationEvent: 'onAuthenticationRequest:github'
2025-03-22 02:27:01.381 [info] ExtensionService#_doActivateExtension vscode.git-base, startup: false, activationEvent: '*', root cause: vscode.git
2025-03-22 02:27:01.474 [info] ExtensionService#_doActivateExtension vscode.git, startup: false, activationEvent: '*'
2025-03-22 02:27:01.767 [info] ExtensionService#_doActivateExtension vscode.github, startup: true, activationEvent: '*'
2025-03-22 02:27:01.894 [info] ExtensionService#_doActivateExtension vscode.npm, startup: true, activationEvent: 'workspaceContains:package.json'
2025-03-22 02:27:02.411 [info] Eager extensions activated
2025-03-22 02:27:02.428 [info] ExtensionService#_doActivateExtension vscode.debug-auto-launch, startup: false, activationEvent: 'onStartupFinished'
2025-03-22 02:27:02.468 [info] ExtensionService#_doActivateExtension vscode.merge-conflict, startup: false, activationEvent: 'onStartupFinished'
2025-03-22 02:27:06.218 [info] ExtensionService#_doActivateExtension vscode.emmet, startup: false, activationEvent: 'onLanguage'
2025-03-22 02:27:07.730 [info] ExtensionService#_doActivateExtension vscode.configuration-editing, startup: false, activationEvent: 'onLanguage:json'
2025-03-22 02:27:07.798 [info] ExtensionService#_doActivateExtension vscode.extension-editing, startup: false, activationEvent: 'onLanguage:json'
2025-03-22 02:27:07.972 [info] ExtensionService#_doActivateExtension vscode.json-language-features, startup: false, activationEvent: 'onLanguage:json'
2025-03-22 02:28:17.746 [info] ExtensionService#_doActivateExtension vscode.typescript-language-features, startup: false, activationEvent: 'onLanguage:javascript'
2025-03-22 04:29:50.626 [warning] [Decorations] CAPPING events from decorations provider vscode.git 7105
2025-03-22 04:29:52.138 [warning] [Decorations] CAPPING events from decorations provider vscode.git 7105
2025-03-22 04:29:59.970 [warning] [Decorations] CAPPING events from decorations provider vscode.git 7105
2025-03-22 04:30:02.161 [warning] [Decorations] CAPPING events from decorations provider vscode.git 7105
2025-03-22 04:30:24.117 [warning] [Decorations] CAPPING events from decorations provider vscode.git 7105
2025-03-22 04:30:33.258 [warning] [Decorations] CAPPING events from decorations provider vscode.git 7105
2025-03-22 04:30:41.788 [warning] [Decorations] CAPPING events from decorations provider vscode.git 7105
2025-03-22 04:30:52.167 [warning] [Decorations] CAPPING events from decorations provider vscode.git 7105
